shutting down the polly server
POLLY SERVER PROCESS ID:  21320

	***********************************************************************
	The polly server has stopped communicating. executing startup script....
	***********************************************************************
	
pollyworld is dead
pollyworld is immortal. The platform is booting.
POLLY SERVER PROCESS ID:  21563
POLLYWORLD IS ALIVE AND WELL :)
shutting down the polly server
POLLY SERVER PROCESS ID:  21563

	***********************************************************************
	The polly server has stopped communicating. executing startup script....
	***********************************************************************
	
pollyworld is dead
pollyworld is immortal. The platform is booting.
POLLY SERVER PROCESS ID:  21563
POLLYWORLD IS ALIVE AND WELL :)
POLLY SERVER PROCESS ID:  21563
POLLYWORLD IS ALIVE AND WELL :)
POLLY SERVER PROCESS ID:  21650
POLLYWORLD IS ALIVE AND WELL :)
POLLY SERVER PROCESS ID:  21650
POLLYWORLD IS ALIVE AND WELL :)
POLLY SERVER PROCESS ID:  21650
POLLYWORLD IS ALIVE AND WELL :)
POLLY SERVER PROCESS ID:  21650
POLLYWORLD IS ALIVE AND WELL :)
POLLY SERVER PROCESS ID:  21650
POLLYWORLD IS ALIVE AND WELL :)
POLLY SERVER PROCESS ID:  21650
POLLYWORLD IS ALIVE AND WELL :)
POLLY SERVER PROCESS ID:  21650
POLLYWORLD IS ALIVE AND WELL :)
POLLY SERVER PROCESS ID:  21650
POLLYWORLD IS ALIVE AND WELL :)
POLLY SERVER PROCESS ID:  21650
POLLYWORLD IS ALIVE AND WELL :)
shutting down the polly server
POLLY SERVER PROCESS ID:  21650

	***********************************************************************
	The polly server has stopped communicating. executing startup script  
	***********************************************************************
	
pollyworld is dead
pollyworld is immortal. The platform is booting.
POLLY SERVER PROCESS ID:  22726
POLLYWORLD IS ALIVE AND WELL :)
POLLY SERVER PROCESS ID:  22726
POLLYWORLD IS ALIVE AND WELL :)
POLLY SERVER PROCESS ID:  22726
POLLYWORLD IS ALIVE AND WELL :)
POLLY SERVER PROCESS ID:  22726
POLLYWORLD IS ALIVE AND WELL :)
POLLY SERVER PROCESS ID:  22726
POLLYWORLD IS ALIVE AND WELL :)
POLLY SERVER PROCESS ID:  22726
POLLYWORLD IS ALIVE AND WELL :)
POLLY SERVER PROCESS ID:  22726
POLLYWORLD IS ALIVE AND WELL :)
POLLY SERVER PROCESS ID:  22726
POLLYWORLD IS ALIVE AND WELL :)
POLLY SERVER PROCESS ID:  22726
POLLYWORLD IS ALIVE AND WELL :)
POLLY SERVER PROCESS ID:  22726
POLLYWORLD IS ALIVE AND WELL :)
POLLY SERVER PROCESS ID:  22726
POLLYWORLD IS ALIVE AND WELL :)
POLLY SERVER PROCESS ID:  22726
POLLYWORLD IS ALIVE AND WELL :) 游냊 游분 游냃 游깵 
POLLY SERVER PROCESS ID:  22726
POLLYWORLD IS ALIVE AND WELL :) 游냊 游분 游냃 游깵 
shutting down the polly server
POLLY SERVER PROCESS ID:  22726

	***********************************************************************
	The polly server has stopped communicating. Executing startup script 游 游 
	***********************************************************************
	
POLLY SERVER PROCESS ID:  25499
POLLYWORLD IS ALIVE AND WELL :) 游냊 游분 游냃 游깵 
POLLY SERVER PROCESS ID:  25499
POLLYWORLD IS ALIVE AND WELL :) 游냊 游분 游냃 游깵 
POLLY SERVER PROCESS ID:  25499
POLLYWORLD IS ALIVE AND WELL :) 游냊 游분 游냃 游깵 
POLLY SERVER PROCESS ID:  25499
POLLYWORLD IS ALIVE AND WELL :) 游냊 游분 游냃 游깵 
POLLY SERVER PROCESS ID:  25499
POLLYWORLD IS ALIVE AND WELL :) 游냊 游분 游냃 游깵 
POLLY SERVER PROCESS ID:  25499
POLLYWORLD IS ALIVE AND WELL :) 游냊 游분 游냃 游깵 
POLLY SERVER PROCESS ID:  25499
POLLYWORLD IS ALIVE AND WELL :) 游냊 游분 游냃 游깵 
POLLY SERVER PROCESS ID:  25499
POLLYWORLD IS ALIVE AND WELL :) 游냊 游분 游냃 游깵 
POLLY SERVER PROCESS ID:  25499
POLLYWORLD IS ALIVE AND WELL :) 游냊 游분 游냃 游깵 
POLLY SERVER PROCESS ID:  25499
POLLYWORLD IS ALIVE AND WELL :) 游냊 游분 游냃 游깵 
POLLY SERVER PROCESS ID:  25499
POLLYWORLD IS ALIVE AND WELL :) 游냊 游분 游냃 游깵 
POLLY SERVER PROCESS ID:  25499
POLLYWORLD IS ALIVE AND WELL :) 游냊 游분 游냃 游깵 
POLLY SERVER PROCESS ID:  25499
POLLYWORLD IS ALIVE AND WELL :) 游냊 游분 游냃 游깵 
POLLY SERVER PROCESS ID:  25499
POLLYWORLD IS ALIVE AND WELL :) 游냊 游분 游냃 游깵 
POLLY SERVER PROCESS ID:  25499
POLLYWORLD IS ALIVE AND WELL :) 游냊 游분 游냃 游깵 
SEVERE ERROR: POLLY SERVER IS DOWN!!!
POLLY SERVER PROCESS ID:  25499

	***********************************************************************
	The polly server has stopped communicating. Executing startup script 游 游 
	***********************************************************************
	
POLLY SERVER PROCESS ID:  26551
POLLYWORLD IS ALIVE AND WELL :) 游냊 游분 游냃 游깵 
POLLY SERVER PROCESS ID:  26551
POLLYWORLD IS ALIVE AND WELL :) 游냊 游분 游냃 游깵 
POLLY SERVER PROCESS ID:  26551
POLLYWORLD IS ALIVE AND WELL :) 游냊 游분 游냃 游깵 
SEVERE ERROR: POLLY SERVER IS DOWN!!!
POLLY SERVER PROCESS ID:  26551

	***********************************************************************
	The polly server has stopped communicating. Executing startup script 游 游 
	***********************************************************************
	
POLLY SERVER PROCESS ID:  26680
POLLYWORLD IS ALIVE AND WELL :) 游냊 游분 游냃 游깵 
POLLY SERVER PROCESS ID:  26680
POLLYWORLD IS ALIVE AND WELL :) 游냊 游분 游냃 游깵 
POLLY SERVER PROCESS ID:  26680
POLLYWORLD IS ALIVE AND WELL :) 游냊 游분 游냃 游깵 
POLLY SERVER PROCESS ID:  26680
POLLYWORLD IS ALIVE AND WELL :) 游냊 游분 游냃 游깵 
POLLY SERVER PROCESS ID:  26680
POLLYWORLD IS ALIVE AND WELL :) 游냊 游분 游냃 游깵 
POLLY SERVER PROCESS ID:  26680
POLLYWORLD IS ALIVE AND WELL :) 游냊 游분 游냃 游깵 
POLLY SERVER PROCESS ID:  26680
POLLYWORLD IS ALIVE AND WELL :) 游냊 游분 游냃 游깵 
POLLY SERVER PROCESS ID:  26680
POLLYWORLD IS ALIVE AND WELL :) 游냊 游분 游냃 游깵 
POLLY SERVER PROCESS ID:  26680
POLLYWORLD IS ALIVE AND WELL :) 游냊 游분 游냃 游깵 
POLLY SERVER PROCESS ID:  26680
POLLYWORLD IS ALIVE AND WELL :) 游냊 游분 游냃 游깵 
POLLY SERVER PROCESS ID:  26680
POLLYWORLD IS ALIVE AND WELL :) 游냊 游분 游냃 游깵 
POLLY SERVER PROCESS ID:  26680
POLLYWORLD IS ALIVE AND WELL :) 游냊 游분 游냃 游깵 
POLLY SERVER PROCESS ID:  26680
POLLYWORLD IS ALIVE AND WELL :) 游냊 游분 游냃 游깵 
POLLY SERVER PROCESS ID:  26680
POLLYWORLD IS ALIVE AND WELL :) 游냊 游분 游냃 游깵 
POLLY SERVER PROCESS ID:  26680
POLLYWORLD IS ALIVE AND WELL :) 游냊 游분 游냃 游깵 
POLLY SERVER PROCESS ID:  26680
POLLYWORLD IS ALIVE AND WELL :) 游냊 游분 游냃 游깵 
POLLY SERVER PROCESS ID:  26680
POLLYWORLD IS ALIVE AND WELL :) 游냊 游분 游냃 游깵 
POLLY SERVER PROCESS ID:  26680
POLLYWORLD IS ALIVE AND WELL :) 游냊 游분 游냃 游깵 
POLLY SERVER PROCESS ID:  26680
POLLYWORLD IS ALIVE AND WELL :) 游냊 游분 游냃 游깵 
POLLY SERVER PROCESS ID:  26680
POLLYWORLD IS ALIVE AND WELL :) 游냊 游분 游냃 游깵 
POLLY SERVER PROCESS ID:  26680
POLLYWORLD IS ALIVE AND WELL :) 游냊 游분 游냃 游깵 
POLLY SERVER PROCESS ID:  26680
POLLYWORLD IS ALIVE AND WELL :) 游냊 游분 游냃 游깵 
POLLY SERVER PROCESS ID:  26680
POLLYWORLD IS ALIVE AND WELL :) 游냊 游분 游냃 游깵 
POLLY SERVER PROCESS ID:  26680
POLLYWORLD IS ALIVE AND WELL :) 游냊 游분 游냃 游깵 
POLLY SERVER PROCESS ID:  26680
POLLYWORLD IS ALIVE AND WELL :) 游냊 游분 游냃 游깵 
POLLY SERVER PROCESS ID:  26680
POLLYWORLD IS ALIVE AND WELL :) 游냊 游분 游냃 游깵 
POLLY SERVER PROCESS ID:  26680
POLLYWORLD IS ALIVE AND WELL :) 游냊 游분 游냃 游깵 
POLLY SERVER PROCESS ID:  26680
POLLYWORLD IS ALIVE AND WELL :) 游냊 游분 游냃 游깵 
POLLY SERVER PROCESS ID:  26680
POLLYWORLD IS ALIVE AND WELL :) 游냊 游분 游냃 游깵 
POLLY SERVER PROCESS ID:  26680
POLLYWORLD IS ALIVE AND WELL :) 游냊 游분 游냃 游깵 
POLLY SERVER PROCESS ID:  26680
POLLYWORLD IS ALIVE AND WELL :) 游냊 游분 游냃 游깵 
POLLY SERVER PROCESS ID:  26680
POLLYWORLD IS ALIVE AND WELL :) 游냊 游분 游냃 游깵 
POLLY SERVER PROCESS ID:  26680
POLLYWORLD IS ALIVE AND WELL :) 游냊 游분 游냃 游깵 
POLLY SERVER PROCESS ID:  26680
POLLYWORLD IS ALIVE AND WELL :) 游냊 游분 游냃 游깵 
POLLY SERVER PROCESS ID:  26680
POLLYWORLD IS ALIVE AND WELL :) 游냊 游분 游냃 游깵 
POLLY SERVER PROCESS ID:  26680
POLLYWORLD IS ALIVE AND WELL :) 游냊 游분 游냃 游깵 
POLLY SERVER PROCESS ID:  26680
POLLYWORLD IS ALIVE AND WELL :) 游냊 游분 游냃 游깵 
POLLY SERVER PROCESS ID:  26680
POLLYWORLD IS ALIVE AND WELL :) 游냊 游분 游냃 游깵 
POLLY SERVER PROCESS ID:  26680
POLLYWORLD IS ALIVE AND WELL :) 游냊 游분 游냃 游깵 
POLLY SERVER PROCESS ID:  26680
POLLYWORLD IS ALIVE AND WELL :) 游냊 游분 游냃 游깵 
POLLY SERVER PROCESS ID:  26680
POLLYWORLD IS ALIVE AND WELL :) 游냊 游분 游냃 游깵 
POLLY SERVER PROCESS ID:  26680
POLLYWORLD IS ALIVE AND WELL :) 游냊 游분 游냃 游깵 
POLLY SERVER PROCESS ID:  26680
POLLYWORLD IS ALIVE AND WELL :) 游냊 游분 游냃 游깵 
POLLY SERVER PROCESS ID:  26680
POLLYWORLD IS ALIVE AND WELL :) 游냊 游분 游냃 游깵 
POLLY SERVER PROCESS ID:  26680
POLLYWORLD IS ALIVE AND WELL :) 游냊 游분 游냃 游깵 
POLLY SERVER PROCESS ID:  26680
POLLYWORLD IS ALIVE AND WELL :) 游냊 游분 游냃 游깵 
POLLY SERVER PROCESS ID:  26680
POLLYWORLD IS ALIVE AND WELL :) 游냊 游분 游냃 游깵 
POLLY SERVER PROCESS ID:  26680
POLLYWORLD IS ALIVE AND WELL :) 游냊 游분 游냃 游깵 
POLLY SERVER PROCESS ID:  26680
POLLYWORLD IS ALIVE AND WELL :) 游냊 游분 游냃 游깵 
POLLY SERVER PROCESS ID:  26680
POLLYWORLD IS ALIVE AND WELL :) 游냊 游분 游냃 游깵 
POLLY SERVER PROCESS ID:  26680
POLLYWORLD IS ALIVE AND WELL :) 游냊 游분 游냃 游깵 
POLLY SERVER PROCESS ID:  26680
POLLYWORLD IS ALIVE AND WELL :) 游냊 游분 游냃 游깵 
POLLY SERVER PROCESS ID:  26680
POLLYWORLD IS ALIVE AND WELL :) 游냊 游분 游냃 游깵 
POLLY SERVER PROCESS ID:  26680
POLLYWORLD IS ALIVE AND WELL :) 游냊 游분 游냃 游깵 
POLLY SERVER PROCESS ID:  26680
POLLYWORLD IS ALIVE AND WELL :) 游냊 游분 游냃 游깵 
POLLY SERVER PROCESS ID:  26680
POLLYWORLD IS ALIVE AND WELL :) 游냊 游분 游냃 游깵 
POLLY SERVER PROCESS ID:  26680
POLLYWORLD IS ALIVE AND WELL :) 游냊 游분 游냃 游깵 
POLLY SERVER PROCESS ID:  26680
POLLYWORLD IS ALIVE AND WELL :) 游냊 游분 游냃 游깵 
POLLY SERVER PROCESS ID:  26680
POLLYWORLD IS ALIVE AND WELL :) 游냊 游분 游냃 游깵 
POLLY SERVER PROCESS ID:  26680
POLLYWORLD IS ALIVE AND WELL :) 游냊 游분 游냃 游깵 
POLLY SERVER PROCESS ID:  26680
POLLYWORLD IS ALIVE AND WELL :) 游냊 游분 游냃 游깵 
POLLY SERVER PROCESS ID:  26680
POLLYWORLD IS ALIVE AND WELL :) 游냊 游분 游냃 游깵 
POLLY SERVER PROCESS ID:  26680
POLLYWORLD IS ALIVE AND WELL :) 游냊 游분 游냃 游깵 
POLLY SERVER PROCESS ID:  26680
POLLYWORLD IS ALIVE AND WELL :) 游냊 游분 游냃 游깵 
POLLY SERVER PROCESS ID:  26680
POLLYWORLD IS ALIVE AND WELL :) 游냊 游분 游냃 游깵 
POLLY SERVER PROCESS ID:  26680
POLLYWORLD IS ALIVE AND WELL :) 游냊 游분 游냃 游깵 
POLLY SERVER PROCESS ID:  26680
POLLYWORLD IS ALIVE AND WELL :) 游냊 游분 游냃 游깵 
POLLY SERVER PROCESS ID:  26680
POLLYWORLD IS ALIVE AND WELL :) 游냊 游분 游냃 游깵 
POLLY SERVER PROCESS ID:  26680
POLLYWORLD IS ALIVE AND WELL :) 游냊 游분 游냃 游깵 
POLLY SERVER PROCESS ID:  26680
POLLYWORLD IS ALIVE AND WELL :) 游냊 游분 游냃 游깵 
POLLY SERVER PROCESS ID:  26680
POLLYWORLD IS ALIVE AND WELL :) 游냊 游분 游냃 游깵 
POLLY SERVER PROCESS ID:  26680
POLLYWORLD IS ALIVE AND WELL :) 游냊 游분 游냃 游깵 
POLLY SERVER PROCESS ID:  26680
POLLYWORLD IS ALIVE AND WELL :) 游냊 游분 游냃 游깵 
POLLY SERVER PROCESS ID:  26680
POLLYWORLD IS ALIVE AND WELL :) 游냊 游분 游냃 游깵 
POLLY SERVER PROCESS ID:  26680
POLLYWORLD IS ALIVE AND WELL :) 游냊 游분 游냃 游깵 
POLLY SERVER PROCESS ID:  26680
POLLYWORLD IS ALIVE AND WELL :) 游냊 游분 游냃 游깵 
